{"/Users/Yoni/Sites/LBi/IdTest/server/proxy.js":{"path":"/Users/Yoni/Sites/LBi/IdTest/server/proxy.js","s":{"1":1,"2":1,"3":0,"4":0,"5":0,"6":0,"7":0,"8":0,"9":0,"10":0},"b":{},"f":{"1":0,"2":0,"3":0,"4":0},"fnMap":{"1":{"name":"(anonymous_1)","line":3,"loc":{"start":{"line":3,"column":18},"end":{"line":3,"column":44}}},"2":{"name":"(anonymous_2)","line":5,"loc":{"start":{"line":5,"column":16},"end":{"line":5,"column":36}}},"3":{"name":"(anonymous_3)","line":8,"loc":{"start":{"line":8,"column":24},"end":{"line":8,"column":41}}},"4":{"name":"(anonymous_4)","line":11,"loc":{"start":{"line":11,"column":23},"end":{"line":11,"column":33}}}},"statementMap":{"1":{"start":{"line":1,"column":0},"end":{"line":1,"column":27}},"2":{"start":{"line":3,"column":0},"end":{"line":16,"column":2}},"3":{"start":{"line":4,"column":2},"end":{"line":4,"column":157}},"4":{"start":{"line":5,"column":2},"end":{"line":15,"column":5}},"5":{"start":{"line":6,"column":4},"end":{"line":6,"column":22}},"6":{"start":{"line":7,"column":4},"end":{"line":7,"column":33}},"7":{"start":{"line":8,"column":4},"end":{"line":10,"column":7}},"8":{"start":{"line":9,"column":6},"end":{"line":9,"column":24}},"9":{"start":{"line":11,"column":4},"end":{"line":14,"column":7}},"10":{"start":{"line":13,"column":6},"end":{"line":13,"column":18}}},"branchMap":{}}}